<?xml version="1.0" encoding="UTF-8"?>
<!-- Generated by org.testng.reporters.JUnitXMLReporter -->
<testsuite ignored="0" hostname="JV-LAP093" failures="0" tests="5" name="Default test" time="136.176" errors="0" timestamp="2024-03-28T19:25:18 NPT">
  <testcase classname="tests.TestDaraz" name="loadWebsite" time="11.208"/>
  <testcase classname="tests.TestDaraz" name="loginTest" time="13.878"/>
  <testcase classname="tests.TestDaraz" name="searchItem" time="35.968"/>
  <testcase classname="tests.TestDaraz" name="flashSale_test" time="26.091"/>
  <testcase classname="tests.TestDaraz" name="sneaker_test" time="40.45"/>
</testsuite> <!-- Default test -->
