<?xml version="1.0" encoding="UTF-8"?>
<!-- Generated by org.testng.reporters.JUnitXMLReporter -->
<testsuite ignored="0" hostname="JV-LAP093" failures="0" tests="4" name="tests" time="72.152" errors="0" timestamp="2024-03-28T00:56:37 NPT">
  <testcase classname="tests.TestDaraz" name="loadWebsite" time="4.751"/>
  <testcase classname="tests.TestDaraz" name="loginTest" time="10.075"/>
  <testcase classname="tests.TestDaraz" name="searchItem" time="11.921"/>
  <testcase classname="tests.TestDaraz" name="flashSale_test" time="41.668"/>
</testsuite> <!-- tests -->
