<?xml version="1.0" encoding="UTF-8"?>
<testng-results ignored="0" total="5" passed="5" failed="0" skipped="0">
  <reporter-output>
  </reporter-output>
  <suite started-at="2024-03-28T19:23:01 NPT" name="Default suite" finished-at="2024-03-28T19:25:18 NPT" duration-ms="136176">
    <groups>
    </groups>
    <test started-at="2024-03-28T19:23:01 NPT" name="Default test" finished-at="2024-03-28T19:25:18 NPT" duration-ms="136176">
      <class name="tests.TestDaraz">
        <test-method is-config="true" signature="setup()[pri:0, instance:tests.TestDaraz@660e9100]" started-at="2024-03-28T19:23:01 NPT" name="setup" finished-at="2024-03-28T19:23:09 NPT" duration-ms="7478" status="PASS">
          <reporter-output>
          </reporter-output>
        </test-method> <!-- setup -->
        <test-method signature="loadWebsite()[pri:1, instance:tests.TestDaraz@660e9100]" started-at="2024-03-28T19:23:09 NPT" name="loadWebsite" finished-at="2024-03-28T19:23:20 NPT" duration-ms="11208" status="PASS">
          <reporter-output>
          </reporter-output>
        </test-method> <!-- loadWebsite -->
        <test-method signature="loginTest()[pri:2, instance:tests.TestDaraz@660e9100]" started-at="2024-03-28T19:23:20 NPT" name="loginTest" finished-at="2024-03-28T19:23:34 NPT" duration-ms="13878" status="PASS">
          <reporter-output>
          </reporter-output>
        </test-method> <!-- loginTest -->
        <test-method signature="searchItem()[pri:3, instance:tests.TestDaraz@660e9100]" started-at="2024-03-28T19:23:34 NPT" name="searchItem" finished-at="2024-03-28T19:24:10 NPT" duration-ms="35968" status="PASS">
          <reporter-output>
          </reporter-output>
        </test-method> <!-- searchItem -->
        <test-method signature="flashSale_test()[pri:4, instance:tests.TestDaraz@660e9100]" started-at="2024-03-28T19:24:10 NPT" name="flashSale_test" finished-at="2024-03-28T19:24:36 NPT" duration-ms="26091" status="PASS">
          <reporter-output>
          </reporter-output>
        </test-method> <!-- flashSale_test -->
        <test-method signature="sneaker_test()[pri:5, instance:tests.TestDaraz@660e9100]" started-at="2024-03-28T19:24:36 NPT" name="sneaker_test" finished-at="2024-03-28T19:25:17 NPT" duration-ms="40450" status="PASS">
          <reporter-output>
          </reporter-output>
        </test-method> <!-- sneaker_test -->
        <test-method is-config="true" signature="teardown()[pri:0, instance:tests.TestDaraz@660e9100]" started-at="2024-03-28T19:25:17 NPT" name="teardown" finished-at="2024-03-28T19:25:18 NPT" duration-ms="956" status="PASS">
          <reporter-output>
          </reporter-output>
        </test-method> <!-- teardown -->
      </class> <!-- tests.TestDaraz -->
    </test> <!-- Default test -->
  </suite> <!-- Default suite -->
</testng-results>
